Building DAG of jobs...
Using shell: /usr/bin/bash
Provided cores: 1 (use --cores to define parallelism)
Rules claiming more threads will be scaled down.
Job stats:
job         count
--------  -------
tRNAscan        1
total           1

Select jobs to execute...

[Thu Jan  4 16:55:49 2024]
rule tRNAscan:
    input: resource/G_intestinalis.fasta
    output: output/tRNA_scan_result.txt
    jobid: 0
    reason: Missing output files: output/tRNA_scan_result.txt
    resources: tmpdir=/tmp

bash run_tRNascan.sh resource/G_intestinalis.fasta output/tRNA_scan_result.txt
[Thu Jan  4 16:55:50 2024]
Error in rule tRNAscan:
    jobid: 0
    input: resource/G_intestinalis.fasta
    output: output/tRNA_scan_result.txt
    shell:
        bash run_tRNascan.sh resource/G_intestinalis.fasta output/tRNA_scan_result.txt
        (one of the commands exited with non-zero exit code; note that snakemake uses bash strict mode!)

Shutting down, this might take some time.
Exiting because a job execution failed. Look above for error message
Complete log: .snakemake/log/2024-01-04T165549.267331.snakemake.log
