Building DAG of jobs...
Your conda installation is not configured to use strict channel priorities. This is however crucial for having robust and correct environments (for details, see https://conda-forge.org/docs/user/tipsandtricks.html). Please consider to configure strict priorities by executing 'conda config --set channel_priority strict'.
Retrieving input from storage.
Using shell: /usr/bin/bash
Provided cores: 1 (use --cores to define parallelism)
Rules claiming more threads will be scaled down.
Job stats:
job                        count
-----------------------  -------
all                            1
tRNAscan_stats_wildcard        2
total                          3

Select jobs to execute...
Execute 1 jobs...

[Mon Jan  8 21:30:02 2024]
localrule tRNAscan_stats_wildcard:
    input: resource/genomes/G_muris.fasta
    output: output/tRNAscan/G_muris.tRNA, output/tRNAscan/G_muris.stats
    jobid: 2
    reason: Missing output files: output/tRNAscan/G_muris.tRNA
    wildcards: genome=G_muris
    resources: tmpdir=/tmp

Activating conda environment: .snakemake/conda/1bcb51991ac9584a2a1b7f18a4b4797f_
Activating conda environment: .snakemake/conda/1bcb51991ac9584a2a1b7f18a4b4797f_
[Mon Jan  8 21:30:32 2024]
Finished job 2.
1 of 3 steps (33%) done
Select jobs to execute...
Execute 1 jobs...

[Mon Jan  8 21:30:32 2024]
localrule tRNAscan_stats_wildcard:
    input: resource/genomes/G_intestinalis.fasta
    output: output/tRNAscan/G_intestinalis.tRNA, output/tRNAscan/G_intestinalis.stats
    jobid: 1
    reason: Missing output files: output/tRNAscan/G_intestinalis.tRNA
    wildcards: genome=G_intestinalis
    resources: tmpdir=/tmp

Activating conda environment: .snakemake/conda/1bcb51991ac9584a2a1b7f18a4b4797f_
Activating conda environment: .snakemake/conda/1bcb51991ac9584a2a1b7f18a4b4797f_
[Mon Jan  8 21:31:08 2024]
Finished job 1.
2 of 3 steps (67%) done
Select jobs to execute...
Execute 1 jobs...

[Mon Jan  8 21:31:08 2024]
localrule all:
    input: output/tRNA_scan_result.txt, output/tRNAscan/G_intestinalis.tRNA, output/tRNAscan/G_muris.tRNA, output/tRNAscan/G_intestinalis.tRNA
    jobid: 0
    reason: Input files updated by another job: output/tRNAscan/G_intestinalis.tRNA, output/tRNAscan/G_muris.tRNA
    resources: tmpdir=/tmp

[Mon Jan  8 21:31:08 2024]
Finished job 0.
3 of 3 steps (100%) done
Complete log: .snakemake/log/2024-01-08T213001.382789.snakemake.log
